                             Memory Type Usage Summary                              
+----------------------------------------------------------------------------------+
| Memory Type/Section   | Used [bytes] | Used [%] | Remain [bytes] | Total [bytes] |
|-----------------------+--------------+----------+----------------+---------------|
| Flash Code            |        84114 |     2.52 |        3258190 |       3342304 |
|    .text              |        84114 |     2.52 |                |               |
| IRAM                  |        51743 |    39.48 |          79329 |        131072 |
|    .text              |        50715 |    38.69 |                |               |
|    .vectors           |         1027 |     0.78 |                |               |
| Flash Data            |        40068 |     0.96 |        4154204 |       4194272 |
|    .rodata            |        39812 |     0.95 |                |               |
|    .appdesc           |          256 |     0.01 |                |               |
| DRAM                  |        11292 |     6.25 |         169444 |        180736 |
|    .data              |         9044 |      5.0 |                |               |
|    .bss               |         2248 |     1.24 |                |               |
| RTC SLOW              |           24 |     0.29 |           8168 |          8192 |
|    .rtc_slow_reserved |           24 |     0.29 |                |               |
+----------------------------------------------------------------------------------+
C:\Espressif\python_env\idf5.3_py3.11_env\Scripts\python.exe C:/Espressif/frameworks/esp-idf-v5.3/\components\partition_table\gen_esp32part.py C:\Users\Alexi\workspace\ESP32_MANEJO_RELE\build\partition_table\partition-table.bin
Total time taken to build the project: 388 ms