                             Memory Type Usage Summary                              
+----------------------------------------------------------------------------------+
| Memory Type/Section   | Used [bytes] | Used [%] | Remain [bytes] | Total [bytes] |
|-----------------------+--------------+----------+----------------+---------------|
| Flash Code            |        93246 |     2.79 |        3249058 |       3342304 |
|    .text              |        93246 |     2.79 |                |               |
| IRAM                  |        57327 |    43.74 |          73745 |        131072 |
|    .text              |        56299 |    42.95 |                |               |
|    .vectors           |         1027 |     0.78 |                |               |
| Flash Data            |        44712 |     1.07 |        4149560 |       4194272 |
|    .rodata            |        44456 |     1.06 |                |               |
|    .appdesc           |          256 |     0.01 |                |               |
| DRAM                  |        11452 |     6.34 |         169284 |        180736 |
|    .data              |         9092 |     5.03 |                |               |
|    .bss               |         2360 |     1.31 |                |               |
| RTC SLOW              |           24 |     0.29 |           8168 |          8192 |
|    .rtc_slow_reserved |           24 |     0.29 |                |               |
+----------------------------------------------------------------------------------+
C:\Espressif\python_env\idf5.3_py3.11_env\Scripts\python.exe C:/Espressif/frameworks/esp-idf-v5.3/\components\partition_table\gen_esp32part.py C:\Users\Alexi\workspace\ESP32_DS18B20_AM2320\build\partition_table\partition-table.bin
Total time taken to build the project: 412 ms