                             Memory Type Usage Summary                              
+----------------------------------------------------------------------------------+
| Memory Type/Section   | Used [bytes] | Used [%] | Remain [bytes] | Total [bytes] |
|-----------------------+--------------+----------+----------------+---------------|
| Flash Code            |        89570 |     2.68 |        3252734 |       3342304 |
|    .text              |        89570 |     2.68 |                |               |
| IRAM                  |        57327 |    43.74 |          73745 |        131072 |
|    .text              |        56299 |    42.95 |                |               |
|    .vectors           |         1027 |     0.78 |                |               |
| Flash Data            |        43944 |     1.05 |        4150328 |       4194272 |
|    .rodata            |        43688 |     1.04 |                |               |
|    .appdesc           |          256 |     0.01 |                |               |
| DRAM                  |        11356 |     6.28 |         169380 |        180736 |
|    .data              |         9092 |     5.03 |                |               |
|    .bss               |         2264 |     1.25 |                |               |
| RTC SLOW              |           24 |     0.29 |           8168 |          8192 |
|    .rtc_slow_reserved |           24 |     0.29 |                |               |
+----------------------------------------------------------------------------------+
C:\Espressif\python_env\idf5.3_py3.11_env\Scripts\python.exe C:/Espressif/frameworks/esp-idf-v5.3/\components\partition_table\gen_esp32part.py C:\Users\Alexi\workspace\ESP32_AM2320\build\partition_table\partition-table.bin
Total time taken to build the project: 7.584 ms