                             Memory Type Usage Summary                              
+----------------------------------------------------------------------------------+
| Memory Type/Section   | Used [bytes] | Used [%] | Remain [bytes] | Total [bytes] |
|-----------------------+--------------+----------+----------------+---------------|
| Flash Code            |       526922 |    15.77 |        2815382 |       3342304 |
|    .text              |       526922 |    15.77 |                |               |
| Flash Data            |       126416 |     3.01 |        4067856 |       4194272 |
|    .rodata            |       126160 |     3.01 |                |               |
|    .appdesc           |          256 |     0.01 |                |               |
| IRAM                  |        94615 |    72.19 |          36457 |        131072 |
|    .text              |        93587 |     71.4 |                |               |
|    .vectors           |         1027 |     0.78 |                |               |
| DRAM                  |        32868 |    18.19 |         147868 |        180736 |
|    .bss               |        16880 |     9.34 |                |               |
|    .data              |        15988 |     8.85 |                |               |
| RTC SLOW              |           24 |     0.29 |           8168 |          8192 |
|    .rtc_slow_reserved |           24 |     0.29 |                |               |
+----------------------------------------------------------------------------------+
C:\Espressif\python_env\idf5.3_py3.11_env\Scripts\python.exe C:/Espressif/frameworks/esp-idf-v5.3/\components\partition_table\gen_esp32part.py C:\Users\Alexi\workspace\ESP32_I2C_ESP32S3\build\partition_table\partition-table.bin
Total time taken to build the project: 429 ms